{"/home/msaads/Desktop/toyRobot/src/FacingOptions.js": {"path":"/home/msaads/Desktop/toyRobot/src/FacingOptions.js","statementMap":{"0":{"start":{"line":1,"column":22},"end":{"line":18,"column":1}}},"fnMap":{},"branchMap":{},"s":{"0":3},"f":{},"b":{},"_coverageSchema":"332fd63041d2c1bcb487cc26dd0d5f7d97098a6c","hash":"83f56abe75137e3b40a69647ab8771633ae402c6"}
,"/home/msaads/Desktop/toyRobot/src/FacingUtils.js": {"path":"/home/msaads/Desktop/toyRobot/src/FacingUtils.js","statementMap":{"0":{"start":{"line":6,"column":21},"end":{"line":9,"column":1}},"1":{"start":{"line":7,"column":4},"end":{"line":8,"column":63}},"2":{"start":{"line":7,"column":47},"end":{"line":7,"column":60}},"3":{"start":{"line":8,"column":9},"end":{"line":8,"column":63}},"4":{"start":{"line":14,"column":29},"end":{"line":17,"column":1}},"5":{"start":{"line":15,"column":4},"end":{"line":15,"column":70}},"6":{"start":{"line":15,"column":26},"end":{"line":15,"column":70}},"7":{"start":{"line":16,"column":4},"end":{"line":16,"column":40}},"8":{"start":{"line":22,"column":29},"end":{"line":25,"column":1}},"9":{"start":{"line":23,"column":4},"end":{"line":23,"column":70}},"10":{"start":{"line":23,"column":26},"end":{"line":23,"column":70}},"11":{"start":{"line":24,"column":4},"end":{"line":24,"column":42}},"12":{"start":{"line":30,"column":31},"end":{"line":39,"column":1}},"13":{"start":{"line":31,"column":4},"end":{"line":31,"column":98}},"14":{"start":{"line":31,"column":53},"end":{"line":31,"column":98}},"15":{"start":{"line":33,"column":20},"end":{"line":33,"column":54}},"16":{"start":{"line":34,"column":4},"end":{"line":36,"column":5}},"17":{"start":{"line":35,"column":8},"end":{"line":35,"column":58}},"18":{"start":{"line":35,"column":49},"end":{"line":35,"column":58}},"19":{"start":{"line":38,"column":4},"end":{"line":38,"column":49}}},"fnMap":{"0":{"name":"(anonymous_0)","decl":{"start":{"line":6,"column":21},"end":{"line":6,"column":22}},"loc":{"start":{"line":6,"column":33},"end":{"line":9,"column":1}},"line":6},"1":{"name":"(anonymous_1)","decl":{"start":{"line":14,"column":29},"end":{"line":14,"column":30}},"loc":{"start":{"line":14,"column":41},"end":{"line":17,"column":1}},"line":14},"2":{"name":"(anonymous_2)","decl":{"start":{"line":22,"column":29},"end":{"line":22,"column":30}},"loc":{"start":{"line":22,"column":41},"end":{"line":25,"column":1}},"line":22},"3":{"name":"(anonymous_3)","decl":{"start":{"line":30,"column":31},"end":{"line":30,"column":32}},"loc":{"start":{"line":30,"column":43},"end":{"line":39,"column":1}},"line":30}},"branchMap":{"0":{"loc":{"start":{"line":7,"column":4},"end":{"line":8,"column":63}},"type":"if","locations":[{"start":{"line":7,"column":4},"end":{"line":8,"column":63}},{"start":{"line":7,"column":4},"end":{"line":8,"column":63}}],"line":7},"1":{"loc":{"start":{"line":7,"column":8},"end":{"line":7,"column":45}},"type":"binary-expr","locations":[{"start":{"line":7,"column":8},"end":{"line":7,"column":15}},{"start":{"line":7,"column":19},"end":{"line":7,"column":45}}],"line":7},"2":{"loc":{"start":{"line":15,"column":4},"end":{"line":15,"column":70}},"type":"if","locations":[{"start":{"line":15,"column":4},"end":{"line":15,"column":70}},{"start":{"line":15,"column":4},"end":{"line":15,"column":70}}],"line":15},"3":{"loc":{"start":{"line":23,"column":4},"end":{"line":23,"column":70}},"type":"if","locations":[{"start":{"line":23,"column":4},"end":{"line":23,"column":70}},{"start":{"line":23,"column":4},"end":{"line":23,"column":70}}],"line":23},"4":{"loc":{"start":{"line":31,"column":4},"end":{"line":31,"column":98}},"type":"if","locations":[{"start":{"line":31,"column":4},"end":{"line":31,"column":98}},{"start":{"line":31,"column":4},"end":{"line":31,"column":98}}],"line":31},"5":{"loc":{"start":{"line":31,"column":8},"end":{"line":31,"column":51}},"type":"binary-expr","locations":[{"start":{"line":31,"column":8},"end":{"line":31,"column":21}},{"start":{"line":31,"column":25},"end":{"line":31,"column":51}}],"line":31},"6":{"loc":{"start":{"line":35,"column":8},"end":{"line":35,"column":58}},"type":"if","locations":[{"start":{"line":35,"column":8},"end":{"line":35,"column":58}},{"start":{"line":35,"column":8},"end":{"line":35,"column":58}}],"line":35}},"s":{"0":3,"1":36,"2":1,"3":35,"4":3,"5":8,"6":1,"7":7,"8":3,"9":9,"10":1,"11":8,"12":3,"13":9,"14":1,"15":8,"16":8,"17":22,"18":7,"19":1},"f":{"0":36,"1":8,"2":9,"3":9},"b":{"0":[1,35],"1":[36,35],"2":[1,7],"3":[1,8],"4":[1,8],"5":[9,9],"6":[7,15]},"_coverageSchema":"332fd63041d2c1bcb487cc26dd0d5f7d97098a6c","hash":"1541ea75f3fe08f9b74519abec2449a3f57d9367"}
,"/home/msaads/Desktop/toyRobot/src/TableTop.js": {"path":"/home/msaads/Desktop/toyRobot/src/TableTop.js","statementMap":{"0":{"start":{"line":6,"column":8},"end":{"line":6,"column":27}},"1":{"start":{"line":7,"column":8},"end":{"line":7,"column":29}},"2":{"start":{"line":14,"column":8},"end":{"line":17,"column":26}},"3":{"start":{"line":14,"column":28},"end":{"line":14,"column":40}},"4":{"start":{"line":15,"column":13},"end":{"line":17,"column":26}},"5":{"start":{"line":15,"column":39},"end":{"line":15,"column":51}},"6":{"start":{"line":16,"column":13},"end":{"line":17,"column":26}},"7":{"start":{"line":16,"column":40},"end":{"line":16,"column":52}},"8":{"start":{"line":17,"column":13},"end":{"line":17,"column":26}}},"fnMap":{"0":{"name":"(anonymous_0)","decl":{"start":{"line":5,"column":4},"end":{"line":5,"column":5}},"loc":{"start":{"line":5,"column":40},"end":{"line":8,"column":5}},"line":5},"1":{"name":"(anonymous_1)","decl":{"start":{"line":13,"column":4},"end":{"line":13,"column":5}},"loc":{"start":{"line":13,"column":27},"end":{"line":18,"column":5}},"line":13}},"branchMap":{"0":{"loc":{"start":{"line":5,"column":17},"end":{"line":5,"column":26}},"type":"default-arg","locations":[{"start":{"line":5,"column":25},"end":{"line":5,"column":26}}],"line":5},"1":{"loc":{"start":{"line":5,"column":28},"end":{"line":5,"column":38}},"type":"default-arg","locations":[{"start":{"line":5,"column":37},"end":{"line":5,"column":38}}],"line":5},"2":{"loc":{"start":{"line":14,"column":8},"end":{"line":17,"column":26}},"type":"if","locations":[{"start":{"line":14,"column":8},"end":{"line":17,"column":26}},{"start":{"line":14,"column":8},"end":{"line":17,"column":26}}],"line":14},"3":{"loc":{"start":{"line":14,"column":12},"end":{"line":14,"column":26}},"type":"binary-expr","locations":[{"start":{"line":14,"column":12},"end":{"line":14,"column":17}},{"start":{"line":14,"column":21},"end":{"line":14,"column":26}}],"line":14},"4":{"loc":{"start":{"line":15,"column":13},"end":{"line":17,"column":26}},"type":"if","locations":[{"start":{"line":15,"column":13},"end":{"line":17,"column":26}},{"start":{"line":15,"column":13},"end":{"line":17,"column":26}}],"line":15},"5":{"loc":{"start":{"line":16,"column":13},"end":{"line":17,"column":26}},"type":"if","locations":[{"start":{"line":16,"column":13},"end":{"line":17,"column":26}},{"start":{"line":16,"column":13},"end":{"line":17,"column":26}}],"line":16}},"s":{"0":19,"1":19,"2":26,"3":1,"4":25,"5":2,"6":23,"7":2,"8":21},"f":{"0":19,"1":26},"b":{"0":[14],"1":[14],"2":[1,25],"3":[26,25],"4":[2,23],"5":[2,21]},"_coverageSchema":"332fd63041d2c1bcb487cc26dd0d5f7d97098a6c","hash":"a8a99ee9f558cb215eaf68c383c07b0eff8ed152"}
,"/home/msaads/Desktop/toyRobot/src/ToyRobot.js": {"path":"/home/msaads/Desktop/toyRobot/src/ToyRobot.js","statementMap":{"0":{"start":{"line":9,"column":8},"end":{"line":9,"column":39}},"1":{"start":{"line":10,"column":8},"end":{"line":10,"column":22}},"2":{"start":{"line":11,"column":8},"end":{"line":11,"column":22}},"3":{"start":{"line":12,"column":8},"end":{"line":12,"column":27}},"4":{"start":{"line":19,"column":8},"end":{"line":21,"column":9}},"5":{"start":{"line":20,"column":12},"end":{"line":20,"column":62}},"6":{"start":{"line":22,"column":8},"end":{"line":22,"column":38}},"7":{"start":{"line":23,"column":8},"end":{"line":25,"column":9}},"8":{"start":{"line":24,"column":12},"end":{"line":24,"column":73}},"9":{"start":{"line":26,"column":8},"end":{"line":26,"column":29}},"10":{"start":{"line":33,"column":8},"end":{"line":40,"column":9}},"11":{"start":{"line":34,"column":12},"end":{"line":34,"column":75}},"12":{"start":{"line":36,"column":12},"end":{"line":36,"column":30}},"13":{"start":{"line":37,"column":12},"end":{"line":37,"column":23}},"14":{"start":{"line":38,"column":12},"end":{"line":38,"column":23}},"15":{"start":{"line":39,"column":12},"end":{"line":39,"column":24}},"16":{"start":{"line":47,"column":29},"end":{"line":47,"column":57}},"17":{"start":{"line":48,"column":19},"end":{"line":48,"column":33}},"18":{"start":{"line":49,"column":19},"end":{"line":49,"column":33}},"19":{"start":{"line":51,"column":8},"end":{"line":57,"column":9}},"20":{"start":{"line":52,"column":12},"end":{"line":52,"column":81}},"21":{"start":{"line":54,"column":12},"end":{"line":54,"column":26}},"22":{"start":{"line":55,"column":12},"end":{"line":55,"column":26}},"23":{"start":{"line":56,"column":12},"end":{"line":56,"column":24}},"24":{"start":{"line":64,"column":8},"end":{"line":64,"column":39}},"25":{"start":{"line":64,"column":26},"end":{"line":64,"column":39}},"26":{"start":{"line":66,"column":21},"end":{"line":66,"column":49}},"27":{"start":{"line":67,"column":8},"end":{"line":67,"column":21}},"28":{"start":{"line":68,"column":8},"end":{"line":68,"column":48}},"29":{"start":{"line":69,"column":8},"end":{"line":69,"column":20}},"30":{"start":{"line":76,"column":8},"end":{"line":76,"column":39}},"31":{"start":{"line":76,"column":26},"end":{"line":76,"column":39}},"32":{"start":{"line":78,"column":21},"end":{"line":78,"column":49}},"33":{"start":{"line":79,"column":8},"end":{"line":79,"column":21}},"34":{"start":{"line":80,"column":8},"end":{"line":80,"column":48}},"35":{"start":{"line":81,"column":8},"end":{"line":81,"column":20}},"36":{"start":{"line":88,"column":8},"end":{"line":92,"column":10}}},"fnMap":{"0":{"name":"(anonymous_0)","decl":{"start":{"line":8,"column":4},"end":{"line":8,"column":5}},"loc":{"start":{"line":8,"column":19},"end":{"line":13,"column":5}},"line":8},"1":{"name":"(anonymous_1)","decl":{"start":{"line":18,"column":4},"end":{"line":18,"column":5}},"loc":{"start":{"line":18,"column":23},"end":{"line":27,"column":5}},"line":18},"2":{"name":"(anonymous_2)","decl":{"start":{"line":32,"column":4},"end":{"line":32,"column":5}},"loc":{"start":{"line":32,"column":20},"end":{"line":41,"column":5}},"line":32},"3":{"name":"(anonymous_3)","decl":{"start":{"line":46,"column":4},"end":{"line":46,"column":5}},"loc":{"start":{"line":46,"column":12},"end":{"line":58,"column":5}},"line":46},"4":{"name":"(anonymous_4)","decl":{"start":{"line":63,"column":4},"end":{"line":63,"column":5}},"loc":{"start":{"line":63,"column":12},"end":{"line":70,"column":5}},"line":63},"5":{"name":"(anonymous_5)","decl":{"start":{"line":75,"column":4},"end":{"line":75,"column":5}},"loc":{"start":{"line":75,"column":13},"end":{"line":82,"column":5}},"line":75},"6":{"name":"(anonymous_6)","decl":{"start":{"line":87,"column":4},"end":{"line":87,"column":5}},"loc":{"start":{"line":87,"column":14},"end":{"line":93,"column":5}},"line":87}},"branchMap":{"0":{"loc":{"start":{"line":19,"column":8},"end":{"line":21,"column":9}},"type":"if","locations":[{"start":{"line":19,"column":8},"end":{"line":21,"column":9}},{"start":{"line":19,"column":8},"end":{"line":21,"column":9}}],"line":19},"1":{"loc":{"start":{"line":23,"column":8},"end":{"line":25,"column":9}},"type":"if","locations":[{"start":{"line":23,"column":8},"end":{"line":25,"column":9}},{"start":{"line":23,"column":8},"end":{"line":25,"column":9}}],"line":23},"2":{"loc":{"start":{"line":33,"column":8},"end":{"line":40,"column":9}},"type":"if","locations":[{"start":{"line":33,"column":8},"end":{"line":40,"column":9}},{"start":{"line":33,"column":8},"end":{"line":40,"column":9}}],"line":33},"3":{"loc":{"start":{"line":51,"column":8},"end":{"line":57,"column":9}},"type":"if","locations":[{"start":{"line":51,"column":8},"end":{"line":57,"column":9}},{"start":{"line":51,"column":8},"end":{"line":57,"column":9}}],"line":51},"4":{"loc":{"start":{"line":64,"column":8},"end":{"line":64,"column":39}},"type":"if","locations":[{"start":{"line":64,"column":8},"end":{"line":64,"column":39}},{"start":{"line":64,"column":8},"end":{"line":64,"column":39}}],"line":64},"5":{"loc":{"start":{"line":76,"column":8},"end":{"line":76,"column":39}},"type":"if","locations":[{"start":{"line":76,"column":8},"end":{"line":76,"column":39}},{"start":{"line":76,"column":8},"end":{"line":76,"column":39}}],"line":76}},"s":{"0":14,"1":14,"2":14,"3":14,"4":17,"5":1,"6":16,"7":16,"8":1,"9":15,"10":15,"11":1,"12":14,"13":14,"14":14,"15":14,"16":7,"17":7,"18":7,"19":7,"20":1,"21":6,"22":6,"23":6,"24":5,"25":1,"26":4,"27":4,"28":4,"29":4,"30":3,"31":1,"32":2,"33":2,"34":2,"35":2,"36":5},"f":{"0":14,"1":17,"2":15,"3":7,"4":5,"5":3,"6":5},"b":{"0":[1,16],"1":[1,15],"2":[1,14],"3":[1,6],"4":[1,4],"5":[1,2]},"_coverageSchema":"332fd63041d2c1bcb487cc26dd0d5f7d97098a6c","hash":"1adb562c60a1c40ab50645c200441d90ebd6b64a"}
,"/home/msaads/Desktop/toyRobot/src/index.js": {"path":"/home/msaads/Desktop/toyRobot/src/index.js","statementMap":{"0":{"start":{"line":5,"column":15},"end":{"line":5,"column":50}},"1":{"start":{"line":10,"column":22},"end":{"line":17,"column":1}},"2":{"start":{"line":11,"column":4},"end":{"line":16,"column":5}},"3":{"start":{"line":12,"column":8},"end":{"line":12,"column":20}},"4":{"start":{"line":14,"column":8},"end":{"line":14,"column":110}},"5":{"start":{"line":15,"column":8},"end":{"line":15,"column":21}},"6":{"start":{"line":19,"column":0},"end":{"line":37,"column":14}},"7":{"start":{"line":24,"column":8},"end":{"line":34,"column":9}},"8":{"start":{"line":25,"column":12},"end":{"line":25,"column":66}},"9":{"start":{"line":26,"column":12},"end":{"line":26,"column":60}},"10":{"start":{"line":27,"column":12},"end":{"line":30,"column":14}},"11":{"start":{"line":32,"column":12},"end":{"line":32,"column":20}},"12":{"start":{"line":33,"column":12},"end":{"line":33,"column":74}},"13":{"start":{"line":35,"column":8},"end":{"line":35,"column":28}},"14":{"start":{"line":39,"column":0},"end":{"line":63,"column":7}},"15":{"start":{"line":44,"column":8},"end":{"line":61,"column":9}},"16":{"start":{"line":45,"column":22},"end":{"line":45,"column":46}},"17":{"start":{"line":46,"column":10},"end":{"line":57,"column":11}},"18":{"start":{"line":47,"column":14},"end":{"line":47,"column":93}},"19":{"start":{"line":49,"column":30},"end":{"line":49,"column":35}},"20":{"start":{"line":50,"column":27},"end":{"line":50,"column":73}},"21":{"start":{"line":51,"column":27},"end":{"line":51,"column":73}},"22":{"start":{"line":52,"column":27},"end":{"line":52,"column":42}},"23":{"start":{"line":55,"column":14},"end":{"line":55,"column":88}},"24":{"start":{"line":56,"column":14},"end":{"line":56,"column":61}},"25":{"start":{"line":59,"column":10},"end":{"line":59,"column":18}},"26":{"start":{"line":60,"column":10},"end":{"line":60,"column":72}},"27":{"start":{"line":62,"column":8},"end":{"line":62,"column":28}},"28":{"start":{"line":65,"column":0},"end":{"line":79,"column":7}},"29":{"start":{"line":71,"column":8},"end":{"line":77,"column":9}},"30":{"start":{"line":73,"column":12},"end":{"line":73,"column":63}},"31":{"start":{"line":75,"column":12},"end":{"line":75,"column":20}},"32":{"start":{"line":76,"column":12},"end":{"line":76,"column":74}},"33":{"start":{"line":78,"column":8},"end":{"line":78,"column":28}},"34":{"start":{"line":81,"column":0},"end":{"line":95,"column":7}},"35":{"start":{"line":87,"column":8},"end":{"line":93,"column":9}},"36":{"start":{"line":89,"column":12},"end":{"line":89,"column":63}},"37":{"start":{"line":91,"column":12},"end":{"line":91,"column":20}},"38":{"start":{"line":92,"column":12},"end":{"line":92,"column":74}},"39":{"start":{"line":94,"column":8},"end":{"line":94,"column":28}},"40":{"start":{"line":97,"column":0},"end":{"line":111,"column":7}},"41":{"start":{"line":103,"column":8},"end":{"line":109,"column":9}},"42":{"start":{"line":105,"column":12},"end":{"line":105,"column":64}},"43":{"start":{"line":107,"column":12},"end":{"line":107,"column":20}},"44":{"start":{"line":108,"column":12},"end":{"line":108,"column":74}},"45":{"start":{"line":110,"column":8},"end":{"line":110,"column":28}},"46":{"start":{"line":113,"column":0},"end":{"line":128,"column":7}},"47":{"start":{"line":119,"column":8},"end":{"line":126,"column":9}},"48":{"start":{"line":120,"column":12},"end":{"line":120,"column":65}},"49":{"start":{"line":122,"column":12},"end":{"line":122,"column":91}},"50":{"start":{"line":124,"column":12},"end":{"line":124,"column":20}},"51":{"start":{"line":125,"column":12},"end":{"line":125,"column":74}},"52":{"start":{"line":127,"column":8},"end":{"line":127,"column":28}},"53":{"start":{"line":130,"column":0},"end":{"line":132,"column":3}},"54":{"start":{"line":135,"column":0},"end":{"line":135,"column":14}},"55":{"start":{"line":137,"column":0},"end":{"line":140,"column":3}},"56":{"start":{"line":138,"column":4},"end":{"line":138,"column":68}},"57":{"start":{"line":139,"column":4},"end":{"line":139,"column":23}}},"fnMap":{"0":{"name":"(anonymous_0)","decl":{"start":{"line":10,"column":22},"end":{"line":10,"column":23}},"loc":{"start":{"line":10,"column":32},"end":{"line":17,"column":1}},"line":10},"1":{"name":"(anonymous_1)","decl":{"start":{"line":22,"column":12},"end":{"line":22,"column":13}},"loc":{"start":{"line":22,"column":32},"end":{"line":36,"column":5}},"line":22},"2":{"name":"(anonymous_2)","decl":{"start":{"line":42,"column":12},"end":{"line":42,"column":13}},"loc":{"start":{"line":42,"column":32},"end":{"line":63,"column":5}},"line":42},"3":{"name":"(anonymous_3)","decl":{"start":{"line":69,"column":12},"end":{"line":69,"column":13}},"loc":{"start":{"line":69,"column":32},"end":{"line":79,"column":5}},"line":69},"4":{"name":"(anonymous_4)","decl":{"start":{"line":85,"column":12},"end":{"line":85,"column":13}},"loc":{"start":{"line":85,"column":32},"end":{"line":95,"column":5}},"line":85},"5":{"name":"(anonymous_5)","decl":{"start":{"line":101,"column":12},"end":{"line":101,"column":13}},"loc":{"start":{"line":101,"column":32},"end":{"line":111,"column":5}},"line":101},"6":{"name":"(anonymous_6)","decl":{"start":{"line":117,"column":12},"end":{"line":117,"column":13}},"loc":{"start":{"line":117,"column":32},"end":{"line":128,"column":5}},"line":117},"7":{"name":"(anonymous_7)","decl":{"start":{"line":130,"column":24},"end":{"line":130,"column":25}},"loc":{"start":{"line":130,"column":34},"end":{"line":132,"column":1}},"line":130},"8":{"name":"(anonymous_8)","decl":{"start":{"line":137,"column":32},"end":{"line":137,"column":33}},"loc":{"start":{"line":137,"column":41},"end":{"line":140,"column":1}},"line":137}},"branchMap":{"0":{"loc":{"start":{"line":11,"column":4},"end":{"line":16,"column":5}},"type":"if","locations":[{"start":{"line":11,"column":4},"end":{"line":16,"column":5}},{"start":{"line":11,"column":4},"end":{"line":16,"column":5}}],"line":11},"1":{"loc":{"start":{"line":46,"column":10},"end":{"line":57,"column":11}},"type":"if","locations":[{"start":{"line":46,"column":10},"end":{"line":57,"column":11}},{"start":{"line":46,"column":10},"end":{"line":57,"column":11}}],"line":46},"2":{"loc":{"start":{"line":50,"column":27},"end":{"line":50,"column":73}},"type":"cond-expr","locations":[{"start":{"line":50,"column":54},"end":{"line":50,"column":55}},{"start":{"line":50,"column":58},"end":{"line":50,"column":73}}],"line":50},"3":{"loc":{"start":{"line":51,"column":27},"end":{"line":51,"column":73}},"type":"cond-expr","locations":[{"start":{"line":51,"column":54},"end":{"line":51,"column":55}},{"start":{"line":51,"column":58},"end":{"line":51,"column":73}}],"line":51}},"s":{"0":1,"1":1,"2":13,"3":13,"4":0,"5":0,"6":1,"7":1,"8":1,"9":1,"10":1,"11":0,"12":0,"13":1,"14":1,"15":8,"16":8,"17":8,"18":0,"19":8,"20":8,"21":8,"22":8,"23":8,"24":8,"25":0,"26":0,"27":8,"28":1,"29":5,"30":5,"31":0,"32":0,"33":5,"34":1,"35":3,"36":3,"37":0,"38":0,"39":3,"40":1,"41":1,"42":1,"43":0,"44":0,"45":1,"46":1,"47":4,"48":4,"49":4,"50":0,"51":0,"52":4,"53":1,"54":1,"55":1,"56":0,"57":0},"f":{"0":13,"1":1,"2":8,"3":5,"4":3,"5":1,"6":4,"7":1,"8":0},"b":{"0":[13,0],"1":[0,8],"2":[0,8],"3":[0,8]},"_coverageSchema":"332fd63041d2c1bcb487cc26dd0d5f7d97098a6c","hash":"6dfd3ad73728d6ab1f28323e48a4ceff42696ec8"}
}
