TN:
SF:/home/msaads/Desktop/toyRobot/src/FacingOptions.js
FNF:0
FNH:0
DA:1,3
LF:1
LH:1
BRF:0
BRH:0
end_of_record
TN:
SF:/home/msaads/Desktop/toyRobot/src/FacingUtils.js
FN:6,(anonymous_0)
FN:14,(anonymous_1)
FN:22,(anonymous_2)
FN:30,(anonymous_3)
FNF:4
FNH:4
FNDA:36,(anonymous_0)
FNDA:8,(anonymous_1)
FNDA:9,(anonymous_2)
FNDA:9,(anonymous_3)
DA:6,3
DA:7,36
DA:8,35
DA:14,3
DA:15,8
DA:16,7
DA:22,3
DA:23,9
DA:24,8
DA:30,3
DA:31,9
DA:33,8
DA:34,8
DA:35,22
DA:38,1
LF:15
LH:15
BRDA:7,0,0,1
BRDA:7,0,1,35
BRDA:7,1,0,36
BRDA:7,1,1,35
BRDA:15,2,0,1
BRDA:15,2,1,7
BRDA:23,3,0,1
BRDA:23,3,1,8
BRDA:31,4,0,1
BRDA:31,4,1,8
BRDA:31,5,0,9
BRDA:31,5,1,9
BRDA:35,6,0,7
BRDA:35,6,1,15
BRF:14
BRH:14
end_of_record
TN:
SF:/home/msaads/Desktop/toyRobot/src/TableTop.js
FN:5,(anonymous_0)
FN:13,(anonymous_1)
FNF:2
FNH:2
FNDA:19,(anonymous_0)
FNDA:26,(anonymous_1)
DA:6,19
DA:7,19
DA:14,26
DA:15,25
DA:16,23
DA:17,21
LF:6
LH:6
BRDA:5,0,0,14
BRDA:5,1,0,14
BRDA:14,2,0,1
BRDA:14,2,1,25
BRDA:14,3,0,26
BRDA:14,3,1,25
BRDA:15,4,0,2
BRDA:15,4,1,23
BRDA:16,5,0,2
BRDA:16,5,1,21
BRF:10
BRH:10
end_of_record
TN:
SF:/home/msaads/Desktop/toyRobot/src/ToyRobot.js
FN:8,(anonymous_0)
FN:18,(anonymous_1)
FN:32,(anonymous_2)
FN:46,(anonymous_3)
FN:63,(anonymous_4)
FN:75,(anonymous_5)
FN:87,(anonymous_6)
FNF:7
FNH:7
FNDA:14,(anonymous_0)
FNDA:17,(anonymous_1)
FNDA:15,(anonymous_2)
FNDA:7,(anonymous_3)
FNDA:5,(anonymous_4)
FNDA:3,(anonymous_5)
FNDA:5,(anonymous_6)
DA:9,14
DA:10,14
DA:11,14
DA:12,14
DA:19,17
DA:20,1
DA:22,16
DA:23,16
DA:24,1
DA:26,15
DA:33,15
DA:34,1
DA:36,14
DA:37,14
DA:38,14
DA:39,14
DA:47,7
DA:48,7
DA:49,7
DA:51,7
DA:52,1
DA:54,6
DA:55,6
DA:56,6
DA:64,5
DA:66,4
DA:67,4
DA:68,4
DA:69,4
DA:76,3
DA:78,2
DA:79,2
DA:80,2
DA:81,2
DA:88,5
LF:35
LH:35
BRDA:19,0,0,1
BRDA:19,0,1,16
BRDA:23,1,0,1
BRDA:23,1,1,15
BRDA:33,2,0,1
BRDA:33,2,1,14
BRDA:51,3,0,1
BRDA:51,3,1,6
BRDA:64,4,0,1
BRDA:64,4,1,4
BRDA:76,5,0,1
BRDA:76,5,1,2
BRF:12
BRH:12
end_of_record
TN:
SF:/home/msaads/Desktop/toyRobot/src/index.js
FN:10,(anonymous_0)
FN:22,(anonymous_1)
FN:42,(anonymous_2)
FN:69,(anonymous_3)
FN:85,(anonymous_4)
FN:101,(anonymous_5)
FN:117,(anonymous_6)
FN:130,(anonymous_7)
FN:137,(anonymous_8)
FNF:9
FNH:8
FNDA:13,(anonymous_0)
FNDA:1,(anonymous_1)
FNDA:8,(anonymous_2)
FNDA:5,(anonymous_3)
FNDA:3,(anonymous_4)
FNDA:1,(anonymous_5)
FNDA:4,(anonymous_6)
FNDA:1,(anonymous_7)
FNDA:0,(anonymous_8)
DA:5,1
DA:10,1
DA:11,13
DA:12,13
DA:14,0
DA:15,0
DA:19,1
DA:24,1
DA:25,1
DA:26,1
DA:27,1
DA:32,0
DA:33,0
DA:35,1
DA:39,1
DA:44,8
DA:45,8
DA:46,8
DA:47,0
DA:49,8
DA:50,8
DA:51,8
DA:52,8
DA:55,8
DA:56,8
DA:59,0
DA:60,0
DA:62,8
DA:65,1
DA:71,5
DA:73,5
DA:75,0
DA:76,0
DA:78,5
DA:81,1
DA:87,3
DA:89,3
DA:91,0
DA:92,0
DA:94,3
DA:97,1
DA:103,1
DA:105,1
DA:107,0
DA:108,0
DA:110,1
DA:113,1
DA:119,4
DA:120,4
DA:122,4
DA:124,0
DA:125,0
DA:127,4
DA:130,1
DA:135,1
DA:137,1
DA:138,0
DA:139,0
LF:58
LH:41
BRDA:11,0,0,13
BRDA:11,0,1,0
BRDA:46,1,0,0
BRDA:46,1,1,8
BRDA:50,2,0,0
BRDA:50,2,1,8
BRDA:51,3,0,0
BRDA:51,3,1,8
BRF:8
BRH:4
end_of_record
